C51 COMPILER V9.60.7.0   MAIN                                                              01/07/2024 20:24:13 PAGE 1   


C51 COMPILER V9.60.7.0, COMPILATION OF MODULE MAIN
OBJECT MODULE PLACED IN .\Objects\main.obj
COMPILER INVOKED BY: D:\Software\Keil_v5\C51\BIN\C51.EXE ..\User\main.c OPTIMIZE(8,SPEED) BROWSE INCDIR(..\Bsp\delay;..\
                    -Bsp\led;..\Bsp\key;..\Bsp\timer;..\Bsp\uart) DEBUG OBJECTEXTEND PRINT(.\Listings\main.lst) OBJECT(.\Objects\main.obj)

line level    source

   1          #include <STC89C5xRC.H>
   2          #include "stc_it.h"
   3          #include "timer.h"
   4          #include "delay.h"
   5          #include "uart.h"
   6          #include "key.h"
   7          #include "led.h"
   8          
   9          void main(void)
  10          {
  11   1              uart_init(2400);
  12   1              timer0_init(1000 * 5);
  13   1      
  14   1              uart_send_string("20210410B0128\r\n");
  15   1              
  16   1              while(1)
  17   1              {
  18   2                      if(uart_dev.rev_finish == 1)    //接收串口数据
  19   2                      {
  20   3                              uart_send_string(uart_dev.rev_buf);
  21   3                              uart_send_string("\r\n");
  22   3                              uart_receive_clear();
  23   3                      }
  24   2              }
  25   1      }


MODULE INFORMATION:   STATIC OVERLAYABLE
   CODE SIZE        =     51    ----
   CONSTANT SIZE    =     19    ----
   XDATA SIZE       =   ----    ----
   PDATA SIZE       =   ----    ----
   DATA SIZE        =   ----    ----
   IDATA SIZE       =   ----    ----
   BIT SIZE         =   ----    ----
END OF MODULE INFORMATION.


C51 COMPILATION COMPLETE.  0 WARNING(S),  0 ERROR(S)
