C51 COMPILER V9.60.7.0   STC_IT                                                            01/07/2024 20:24:13 PAGE 1   


C51 COMPILER V9.60.7.0, COMPILATION OF MODULE STC_IT
OBJECT MODULE PLACED IN .\Objects\stc_it.obj
COMPILER INVOKED BY: D:\Software\Keil_v5\C51\BIN\C51.EXE ..\User\stc_it.c OPTIMIZE(8,SPEED) BROWSE INCDIR(..\Bsp\delay;.
                    -.\Bsp\led;..\Bsp\key;..\Bsp\timer;..\Bsp\uart) DEBUG OBJECTEXTEND PRINT(.\Listings\stc_it.lst) OBJECT(.\Objects\stc_it.o
                    -bj)

line level    source

   1          #include "stc_it.h"
   2          #include "led.h"
   3          #include "uart.h"
   4          
   5          int count = 0;
   6          
   7          void timer0_handler(void) interrupt 1
   8          {
   9   1              TH0 =(65535 - 1000 * 5)/256;
  10   1              TL0 =(65535 - 1000 * 5)%256;
  11   1      
  12   1              if(++count >= 200)      //200次5ms == 1s
  13   1              {
  14   2                      count = 0;
  15   2                      led_toggle(LED0);
  16   2                      led_toggle(LED1);
  17   2                      led_toggle(LED2);
  18   2                      led_toggle(LED3);
  19   2              }
  20   1      }
  21          
  22          void timer1_handler(void) interrupt 3
  23          {
  24   1      
  25   1      }
  26          
  27          //串口接收中断
  28          void uart_isr() interrupt 4
  29          {
  30   1              unsigned char temp;
  31   1              if(RI == 1)
  32   1              {
  33   2                      temp = SBUF;
  34   2                      if(temp != '\r' && temp!= '\n')
  35   2                      {
  36   3                              uart_dev.rev_buf[uart_dev.rev_len++] = temp;
  37   3                              if(uart_dev.rev_len >= REV_BUFF_SIZE - 2)               //留一个位置给'\0'
  38   3                              {
  39   4                                      uart_dev.rev_len = REV_BUFF_SIZE - 2;
  40   4                              }
  41   3                      }
  42   2                      else
  43   2                      {
  44   3                              uart_dev.rev_finish = 1;
  45   3                              uart_dev.rev_buf[uart_dev.rev_len + 1] = '\0';
  46   3                      }
  47   2                      RI=0;
  48   2              }
  49   1      }


MODULE INFORMATION:   STATIC OVERLAYABLE
   CODE SIZE        =    188    ----
C51 COMPILER V9.60.7.0   STC_IT                                                            01/07/2024 20:24:13 PAGE 2   

   CONSTANT SIZE    =   ----    ----
   XDATA SIZE       =   ----    ----
   PDATA SIZE       =   ----    ----
   DATA SIZE        =      2    ----
   IDATA SIZE       =   ----    ----
   BIT SIZE         =   ----    ----
END OF MODULE INFORMATION.


C51 COMPILATION COMPLETE.  0 WARNING(S),  0 ERROR(S)
