C51 COMPILER V9.60.7.0   KEY                                                               01/07/2024 19:58:26 PAGE 1   


C51 COMPILER V9.60.7.0, COMPILATION OF MODULE KEY
OBJECT MODULE PLACED IN .\Objects\key.obj
COMPILER INVOKED BY: D:\Software\Keil_v5\C51\BIN\C51.EXE ..\Bsp\key\key.c OPTIMIZE(8,SPEED) BROWSE INCDIR(..\Bsp\delay;.
                    -.\Bsp\led;..\Bsp\key) DEBUG OBJECTEXTEND PRINT(.\Listings\key.lst) OBJECT(.\Objects\key.obj)

line level    source

   1          #include "key.h"
   2          #include "delay.h"
   3          #include "led.h"
   4          
   5          unsigned char key_scan(void)
   6          {
   7   1              static char kp = 0;     
   8   1              
   9   1              if((KEY0_PIN != 1) || (KEY1_PIN != 1) || (KEY2_PIN != 1) || (KEY3_PIN != 1))
  10   1              {
  11   2                      delay_ms(10);
  12   2                      if(((KEY0_PIN != 1) || (KEY1_PIN != 1) || (KEY2_PIN != 1) || (KEY3_PIN != 1)) && (kp == 0))
  13   2                      {
  14   3                              kp = 1;
  15   3                              if(KEY0_PIN == 0)
  16   3                                      return KEY_VAL_0;
  17   3                              
  18   3                              if(KEY1_PIN == 0)
  19   3                                      return KEY_VAL_1;       
  20   3                              
  21   3                              if(KEY2_PIN == 0)
  22   3                                      return KEY_VAL_2;
  23   3                              
  24   3                              if(KEY3_PIN == 0)
  25   3                                      return KEY_VAL_3;       
  26   3                      }
  27   2              }
  28   1              else
  29   1                      kp = 0;
  30   1              
  31   1              return KEY_VAL_DEFAULT;
  32   1      }


MODULE INFORMATION:   STATIC OVERLAYABLE
   CODE SIZE        =     67    ----
   CONSTANT SIZE    =   ----    ----
   XDATA SIZE       =   ----    ----
   PDATA SIZE       =   ----    ----
   DATA SIZE        =      1    ----
   IDATA SIZE       =   ----    ----
   BIT SIZE         =   ----    ----
END OF MODULE INFORMATION.


C51 COMPILATION COMPLETE.  0 WARNING(S),  0 ERROR(S)
