C51 COMPILER V9.60.7.0   LED                                                               01/07/2024 19:58:26 PAGE 1   


C51 COMPILER V9.60.7.0, COMPILATION OF MODULE LED
OBJECT MODULE PLACED IN .\Objects\led.obj
COMPILER INVOKED BY: D:\Software\Keil_v5\C51\BIN\C51.EXE ..\Bsp\led\led.c OPTIMIZE(8,SPEED) BROWSE INCDIR(..\Bsp\delay;.
                    -.\Bsp\led;..\Bsp\key) DEBUG OBJECTEXTEND PRINT(.\Listings\led.lst) OBJECT(.\Objects\led.obj)

line level    source

   1          #include "led.h"
   2          
   3          void led_set(led_drive_e led, unsigned char state)
   4          {
   5   1              switch(led)
   6   1              {
   7   2                      case LED0:
   8   2                              if(state)       
   9   2                                      LED0_PIN = 0;   
  10   2                              else
  11   2                                      LED0_PIN = 1;   
  12   2                              break;
  13   2                              
  14   2                      case LED1:
  15   2                              if(state)       
  16   2                                      LED1_PIN = 0;   
  17   2                              else
  18   2                                      LED1_PIN = 1;   
  19   2                              break;
  20   2      
  21   2                      case LED2:
  22   2                              if(state)       
  23   2                                      LED2_PIN = 0;   
  24   2                              else
  25   2                                      LED2_PIN = 1;   
  26   2                              break;
  27   2                              
  28   2                      case LED3:
  29   2                              if(state)       
  30   2                                      LED3_PIN = 0;   
  31   2                              else
  32   2                                      LED3_PIN = 1;   
  33   2                              break;
  34   2                              
  35   2                      default:
  36   2                              break;
  37   2              }
  38   1      }
  39          
  40          void led_toggle(led_drive_e led)
  41          {
  42   1              switch(led)
  43   1              {
  44   2                      case LED0:
  45   2                              LED0_PIN = !LED0_PIN;
  46   2                              break;
  47   2                              
  48   2                      case LED1:      
  49   2                              LED1_PIN = !LED1_PIN;   
  50   2                              break;
  51   2      
  52   2                      case LED2:
  53   2                              LED2_PIN = !LED2_PIN;   
  54   2                              break;
C51 COMPILER V9.60.7.0   LED                                                               01/07/2024 19:58:26 PAGE 2   

  55   2                              
  56   2                      case LED3:
  57   2                              LED3_PIN = !LED3_PIN;
  58   2                              break;
  59   2                              
  60   2                      default:
  61   2                              break;  
  62   2              }
  63   1      }
  64          
  65          unsigned char led_get(led_drive_e led)
  66          {
  67   1              switch(led)
  68   1              {
  69   2                      case LED0:
  70   2                              return LED0_PIN;
  71   2                              
  72   2                      case LED1:
  73   2                              return LED1_PIN;
  74   2      
  75   2                      case LED2:
  76   2                              return LED2_PIN;
  77   2                              
  78   2                      case LED3:
  79   2                              return LED3_PIN;
  80   2                              
  81   2                      default:
  82   2                              break;  
  83   2              }
  84   1              return 0;
  85   1      }


MODULE INFORMATION:   STATIC OVERLAYABLE
   CODE SIZE        =    111    ----
   CONSTANT SIZE    =   ----    ----
   XDATA SIZE       =   ----    ----
   PDATA SIZE       =   ----    ----
   DATA SIZE        =   ----    ----
   IDATA SIZE       =   ----    ----
   BIT SIZE         =   ----    ----
END OF MODULE INFORMATION.


C51 COMPILATION COMPLETE.  0 WARNING(S),  0 ERROR(S)
