C51 COMPILER V9.60.7.0   MAIN                                                              01/07/2024 19:58:25 PAGE 1   


C51 COMPILER V9.60.7.0, COMPILATION OF MODULE MAIN
OBJECT MODULE PLACED IN .\Objects\main.obj
COMPILER INVOKED BY: D:\Software\Keil_v5\C51\BIN\C51.EXE ..\User\main.c OPTIMIZE(8,SPEED) BROWSE INCDIR(..\Bsp\delay;..\
                    -Bsp\led;..\Bsp\key) DEBUG OBJECTEXTEND PRINT(.\Listings\main.lst) OBJECT(.\Objects\main.obj)

line level    source

   1          #include <STC89C5xRC.H>
   2          #include "delay.h"
   3          #include "led.h"
   4          #include "key.h"
   5          
   6          void main(void)
   7          {
   8   1              unsigned char key_val;
   9   1      
  10   1              while(1)
  11   1              {
  12   2                      key_val = key_scan();
  13   2                      
  14   2                      if(key_val == KEY_VAL_0)
  15   2                              led_toggle(LED0);
  16   2                      if(key_val == KEY_VAL_1)
  17   2                              led_toggle(LED1);
  18   2                      if(key_val == KEY_VAL_2)
  19   2                              led_toggle(LED2);
  20   2                      if(key_val == KEY_VAL_3)
  21   2                              led_toggle(LED3);
  22   2              }
  23   1      }


MODULE INFORMATION:   STATIC OVERLAYABLE
   CODE SIZE        =     45    ----
   CONSTANT SIZE    =   ----    ----
   XDATA SIZE       =   ----    ----
   PDATA SIZE       =   ----    ----
   DATA SIZE        =   ----       1
   IDATA SIZE       =   ----    ----
   BIT SIZE         =   ----    ----
END OF MODULE INFORMATION.


C51 COMPILATION COMPLETE.  0 WARNING(S),  0 ERROR(S)
