C51 COMPILER V9.60.7.0   MAIN                                                              01/07/2024 20:07:31 PAGE 1   


C51 COMPILER V9.60.7.0, COMPILATION OF MODULE MAIN
OBJECT MODULE PLACED IN .\Objects\main.obj
COMPILER INVOKED BY: D:\Software\Keil_v5\C51\BIN\C51.EXE ..\User\main.c OPTIMIZE(8,SPEED) BROWSE INCDIR(..\Bsp\delay;..\
                    -Bsp\led;..\Bsp\key;..\Bsp\timer) DEBUG OBJECTEXTEND PRINT(.\Listings\main.lst) OBJECT(.\Objects\main.obj)

line level    source

   1          #include <STC89C5xRC.H>
   2          #include "stc_it.h"
   3          #include "delay.h"
   4          #include "timer.h"
   5          #include "led.h"
   6          #include "key.h"
   7          
   8          void main(void)
   9          {
  10   1              Timer0_Init(1000 * 5);  //5ms
  11   1      
  12   1              while(1)
  13   1              {
  14   2                      
  15   2              }
  16   1      }
  17          
  18          


MODULE INFORMATION:   STATIC OVERLAYABLE
   CODE SIZE        =      9    ----
   CONSTANT SIZE    =   ----    ----
   XDATA SIZE       =   ----    ----
   PDATA SIZE       =   ----    ----
   DATA SIZE        =   ----    ----
   IDATA SIZE       =   ----    ----
   BIT SIZE         =   ----    ----
END OF MODULE INFORMATION.


C51 COMPILATION COMPLETE.  0 WARNING(S),  0 ERROR(S)
