C51 COMPILER V9.60.7.0   STC_IT                                                            01/07/2024 20:07:31 PAGE 1   


C51 COMPILER V9.60.7.0, COMPILATION OF MODULE STC_IT
OBJECT MODULE PLACED IN .\Objects\stc_it.obj
COMPILER INVOKED BY: D:\Software\Keil_v5\C51\BIN\C51.EXE ..\User\stc_it.c OPTIMIZE(8,SPEED) BROWSE INCDIR(..\Bsp\delay;.
                    -.\Bsp\led;..\Bsp\key;..\Bsp\timer) DEBUG OBJECTEXTEND PRINT(.\Listings\stc_it.lst) OBJECT(.\Objects\stc_it.obj)

line level    source

   1          #include "stc_it.h"
   2          #include "led.h"
   3          
   4          int count = 0;
   5          
   6          void timer0_handler(void) interrupt 1
   7          {
   8   1              TH0 =(65535 - 1000 * 5)/256;
   9   1              TL0 =(65535 - 1000 * 5)%256;
  10   1      
  11   1              if(++count >= 200)      //200´Î5ms == 1s
  12   1              {
  13   2                      count = 0;
  14   2                      led_toggle(LED0);
  15   2                      led_toggle(LED1);
  16   2                      led_toggle(LED2);
  17   2                      led_toggle(LED3);
  18   2              }
  19   1      }
  20          
  21          void timer1_handler(void) interrupt 3
  22          {
  23   1      
  24   1      }


MODULE INFORMATION:   STATIC OVERLAYABLE
   CODE SIZE        =    108    ----
   CONSTANT SIZE    =   ----    ----
   XDATA SIZE       =   ----    ----
   PDATA SIZE       =   ----    ----
   DATA SIZE        =      2    ----
   IDATA SIZE       =   ----    ----
   BIT SIZE         =   ----    ----
END OF MODULE INFORMATION.


C51 COMPILATION COMPLETE.  0 WARNING(S),  0 ERROR(S)
