C51 COMPILER V9.60.7.0   KEY                                                               01/19/2024 19:49:10 PAGE 1   


C51 COMPILER V9.60.7.0, COMPILATION OF MODULE KEY
OBJECT MODULE PLACED IN .\Objects\key.obj
COMPILER INVOKED BY: D:\SoftWare\Keil_v5\C51\BIN\C51.EXE ..\Bsp\key\key.c OPTIMIZE(8,SPEED) BROWSE INCDIR(..\Bsp\delay;.
                    -.\Bsp\led;..\Bsp\key;..\Bsp\timer;..\Bsp\uart;..\Bsp\at24cxx) DEBUG OBJECTEXTEND PRINT(.\Listings\key.lst) OBJECT(.\Obje
                    -cts\key.obj)

line level    source

   1          #include "key.h"
   2          #include "delay.h"
   3          
   4          unsigned char key_scan(void)
   5          {
   6   1              static char kp = 0;     
   7   1              
   8   1              if((KEY0_PIN != 1) || (KEY1_PIN != 1) || (KEY2_PIN != 1) || (KEY3_PIN != 1))
   9   1              {
  10   2                      delay_ms(10);
  11   2                      if(((KEY0_PIN != 1) || (KEY1_PIN != 1) || (KEY2_PIN != 1) || (KEY3_PIN != 1)) && (kp == 0))
  12   2                      {
  13   3                              kp = 1;
  14   3                              if(KEY0_PIN == 0)
  15   3                                      return KEY_VAL_0;
  16   3                              
  17   3                              if(KEY1_PIN == 0)
  18   3                                      return KEY_VAL_1;       
  19   3                              
  20   3                              if(KEY2_PIN == 0)
  21   3                                      return KEY_VAL_2;
  22   3                              
  23   3                              if(KEY3_PIN == 0)
  24   3                                      return KEY_VAL_3;       
  25   3                      }
  26   2              }
  27   1              else
  28   1                      kp = 0;
  29   1              
  30   1              return KEY_VAL_DEFAULT;
  31   1      }


MODULE INFORMATION:   STATIC OVERLAYABLE
   CODE SIZE        =     67    ----
   CONSTANT SIZE    =   ----    ----
   XDATA SIZE       =   ----    ----
   PDATA SIZE       =   ----    ----
   DATA SIZE        =      1    ----
   IDATA SIZE       =   ----    ----
   BIT SIZE         =   ----    ----
END OF MODULE INFORMATION.


C51 COMPILATION COMPLETE.  0 WARNING(S),  0 ERROR(S)
