C51 COMPILER V9.60.7.0   MAIN                                                              01/14/2024 23:51:04 PAGE 1   


C51 COMPILER V9.60.7.0, COMPILATION OF MODULE MAIN
OBJECT MODULE PLACED IN .\Objects\main.obj
COMPILER INVOKED BY: D:\SoftWare\Keil_v5\C51\BIN\C51.EXE ..\User\main.c OPTIMIZE(8,SPEED) BROWSE INCDIR(..\Bsp\delay;..\
                    -Bsp\led) DEBUG OBJECTEXTEND PRINT(.\Listings\main.lst) OBJECT(.\Objects\main.obj)

line level    source

   1          #include <STC89C5xRC.H>
   2          #include "delay.h"
   3          #include "led.h"
   4          
   5          
   6          //void main(void)
   7          //{
   8          //      while(1)
   9          //      {
  10          //              led_toggle(LED0);
  11          //              led_toggle(LED1);
  12          //              led_toggle(LED2);
  13          //              led_toggle(LED3);
  14          //              delay_ms(500);
  15          //      }
  16          //}
  17          
  18          static void delay_ms(unsigned char t)
  19          {
*** WARNING C235 IN LINE 19 OF ..\User\main.c: parameter 1: different types
  20   1              while(t--);
  21   1      }
  22          
  23          
  24          
  25          #define Compare 100
  26          #define Delay 20
  27          
  28          void main(void)
  29          {
  30   1              unsigned char i, time;
  31   1              
  32   1              while(1)
  33   1              {
  34   2                      for(time = 0; time < Compare; time++)
  35   2                      {
  36   3                              for(i = 0; i< Delay; i++)
  37   3                              {
  38   4                                      led_set(LED0, 1);
  39   4                                      led_set(LED1, 1);
  40   4                                      led_set(LED2, 1);
  41   4                                      led_set(LED3, 1);
  42   4                                      delay_ms(time);
  43   4                                      led_set(LED0, 0);
  44   4                                      led_set(LED1, 0);
  45   4                                      led_set(LED2, 0);
  46   4                                      led_set(LED3, 0);
  47   4                                      delay_ms(Compare - time);
  48   4                              }
  49   3                      }
  50   2                      for(time = Compare; time > 0; time--)
  51   2                      {
  52   3                              for(i = 0; i< Delay; i++)
  53   3                              {
C51 COMPILER V9.60.7.0   MAIN                                                              01/14/2024 23:51:04 PAGE 2   

  54   4                                      led_set(LED0, 1);
  55   4                                      led_set(LED1, 1);
  56   4                                      led_set(LED2, 1);
  57   4                                      led_set(LED3, 1);
  58   4                                      delay_ms(time);
  59   4                                      led_set(LED0, 0);
  60   4                                      led_set(LED1, 0);
  61   4                                      led_set(LED2, 0);
  62   4                                      led_set(LED3, 0);
  63   4                                      delay_ms(Compare - time);
  64   4                              }
  65   3                      }
  66   2              }
  67   1      }


MODULE INFORMATION:   STATIC OVERLAYABLE
   CODE SIZE        =    189    ----
   CONSTANT SIZE    =   ----    ----
   XDATA SIZE       =   ----    ----
   PDATA SIZE       =   ----    ----
   DATA SIZE        =   ----       2
   IDATA SIZE       =   ----    ----
   BIT SIZE         =   ----    ----
END OF MODULE INFORMATION.


C51 COMPILATION COMPLETE.  1 WARNING(S),  0 ERROR(S)
